<?xml version="1.0" encoding="UTF-8"?>
<testng-results ignored="0" total="1" passed="1" failed="0" skipped="0">
  <reporter-output>
  </reporter-output>
  <suite started-at="2024-05-12T13:41:12 IST" name="Suite" finished-at="2024-05-12T13:41:56 IST" duration-ms="44071">
    <groups>
    </groups>
    <test started-at="2024-05-12T13:41:12 IST" name="Test" finished-at="2024-05-12T13:41:56 IST" duration-ms="44071">
      <class name="com.lti.testcases.PaymentTest">
        <test-method is-config="true" signature="beforetest()[pri:0, instance:com.lti.testcases.PaymentTest@7bba5817]" started-at="2024-05-12T13:41:13 IST" name="beforetest" finished-at="2024-05-12T13:41:24 IST" duration-ms="10906" status="PASS">
          <reporter-output>
          </reporter-output>
        </test-method> <!-- beforetest -->
        <test-method signature="dashboard()[pri:1, instance:com.lti.testcases.PaymentTest@7bba5817]" started-at="2024-05-12T13:41:24 IST" name="dashboard" finished-at="2024-05-12T13:41:56 IST" duration-ms="32082" status="PASS">
          <reporter-output>
          </reporter-output>
        </test-method> <!-- dashboard -->
        <test-method is-config="true" signature="aftertest()[pri:0, instance:com.lti.testcases.PaymentTest@7bba5817]" started-at="2024-05-12T13:41:56 IST" name="aftertest" finished-at="2024-05-12T13:41:56 IST" duration-ms="285" status="PASS">
          <reporter-output>
          </reporter-output>
        </test-method> <!-- aftertest -->
      </class> <!-- com.lti.testcases.PaymentTest -->
    </test> <!-- Test -->
  </suite> <!-- Suite -->
</testng-results>
